-------------------------------------------------------------------------------
Test set: com.example.meli_punto_dos.MeliPuntoDosApplicationTests
-------------------------------------------------------------------------------
Tests run: 1, Failures: 0, Errors: 1, Skipped: 0, Time elapsed: 5.356 s <<< FAILURE! - in com.example.meli_punto_dos.MeliPuntoDosApplicationTests
contextLoads  Time elapsed: 0.001 s  <<< ERROR!
java.lang.IllegalStateException: Failed to load ApplicationContext
Caused by: org.springframework.beans.factory.UnsatisfiedDependencyException: Error creating bean with name 'adnController': Unsatisfied dependency expressed through field 'service'; nested exception is org.springframework.beans.factory.UnsatisfiedDependencyException: Error creating bean with name 'adnServiceImpl' defined in file [C:\Users\josep\Documents\workspace-spring-tool-suite-4-4.11.0.RELEASE\Challenge_meli\Challenge_meli\meli_punto_dos\target\classes\com\example\meli_punto_dos\services\AdnServiceImpl.class]: Unsatisfied dependency expressed through constructor parameter 0; nested exception is org.springframework.beans.factory.BeanCreationException: Error creating bean with name 'adnRepository' defined in com.example.meli_punto_dos.repositories.AdnRepository defined in @EnableJpaRepositories declared on JpaRepositoriesRegistrar.EnableJpaRepositoriesConfiguration: Invocation of init method failed; nested exception is org.springframework.data.repository.query.QueryCreationException: Could not create query for public abstract java.util.List com.example.meli_punto_dos.repositories.BaseRepository.saveList(java.util.List)! Reason: Failed to create query for method public abstract java.util.List com.example.meli_punto_dos.repositories.BaseRepository.saveList(java.util.List)! No property saveList found for type Adn!; nested exception is java.lang.IllegalArgumentException: Failed to create query for method public abstract java.util.List com.example.meli_punto_dos.repositories.BaseRepository.saveList(java.util.List)! No property saveList found for type Adn!
Caused by: org.springframework.beans.factory.UnsatisfiedDependencyException: Error creating bean with name 'adnServiceImpl' defined in file [C:\Users\josep\Documents\workspace-spring-tool-suite-4-4.11.0.RELEASE\Challenge_meli\Challenge_meli\meli_punto_dos\target\classes\com\example\meli_punto_dos\services\AdnServiceImpl.class]: Unsatisfied dependency expressed through constructor parameter 0; nested exception is org.springframework.beans.factory.BeanCreationException: Error creating bean with name 'adnRepository' defined in com.example.meli_punto_dos.repositories.AdnRepository defined in @EnableJpaRepositories declared on JpaRepositoriesRegistrar.EnableJpaRepositoriesConfiguration: Invocation of init method failed; nested exception is org.springframework.data.repository.query.QueryCreationException: Could not create query for public abstract java.util.List com.example.meli_punto_dos.repositories.BaseRepository.saveList(java.util.List)! Reason: Failed to create query for method public abstract java.util.List com.example.meli_punto_dos.repositories.BaseRepository.saveList(java.util.List)! No property saveList found for type Adn!; nested exception is java.lang.IllegalArgumentException: Failed to create query for method public abstract java.util.List com.example.meli_punto_dos.repositories.BaseRepository.saveList(java.util.List)! No property saveList found for type Adn!
Caused by: org.springframework.beans.factory.BeanCreationException: Error creating bean with name 'adnRepository' defined in com.example.meli_punto_dos.repositories.AdnRepository defined in @EnableJpaRepositories declared on JpaRepositoriesRegistrar.EnableJpaRepositoriesConfiguration: Invocation of init method failed; nested exception is org.springframework.data.repository.query.QueryCreationException: Could not create query for public abstract java.util.List com.example.meli_punto_dos.repositories.BaseRepository.saveList(java.util.List)! Reason: Failed to create query for method public abstract java.util.List com.example.meli_punto_dos.repositories.BaseRepository.saveList(java.util.List)! No property saveList found for type Adn!; nested exception is java.lang.IllegalArgumentException: Failed to create query for method public abstract java.util.List com.example.meli_punto_dos.repositories.BaseRepository.saveList(java.util.List)! No property saveList found for type Adn!
Caused by: org.springframework.data.repository.query.QueryCreationException: Could not create query for public abstract java.util.List com.example.meli_punto_dos.repositories.BaseRepository.saveList(java.util.List)! Reason: Failed to create query for method public abstract java.util.List com.example.meli_punto_dos.repositories.BaseRepository.saveList(java.util.List)! No property saveList found for type Adn!; nested exception is java.lang.IllegalArgumentException: Failed to create query for method public abstract java.util.List com.example.meli_punto_dos.repositories.BaseRepository.saveList(java.util.List)! No property saveList found for type Adn!
Caused by: java.lang.IllegalArgumentException: Failed to create query for method public abstract java.util.List com.example.meli_punto_dos.repositories.BaseRepository.saveList(java.util.List)! No property saveList found for type Adn!
Caused by: org.springframework.data.mapping.PropertyReferenceException: No property saveList found for type Adn!

